> Task :app:preBuild UP-TO-DATE
> Task :app:preDebugBuild UP-TO-DATE
> Task :app:mergeDebugNativeDebugMetadata NO-SOURCE
> Task :app:checkKotlinGradlePluginConfigurationErrors SKIPPED
> Task :app:generateDebugBuildConfig UP-TO-DATE
> Task :app:checkDebugAarMetadata UP-TO-DATE
> Task :app:processDebugNavigationResources UP-TO-DATE
> Task :app:compileDebugNavigationResources UP-TO-DATE
> Task :app:generateDebugResValues UP-TO-DATE
> Task :app:mapDebugSourceSetPaths UP-TO-DATE
> Task :app:generateDebugResources UP-TO-DATE
> Task :app:mergeDebugResources UP-TO-DATE
> Task :app:packageDebugResources UP-TO-DATE
> Task :app:parseDebugLocalResources UP-TO-DATE
> Task :app:createDebugCompatibleScreenManifests UP-TO-DATE
> Task :app:extractDeepLinksDebug UP-TO-DATE
> Task :app:processDebugMainManifest UP-TO-DATE
> Task :app:processDebugManifest UP-TO-DATE
> Task :app:processDebugManifestForPackage UP-TO-DATE
> Task :app:processDebugResources UP-TO-DATE
> Task :app:kspDebugKotlin UP-TO-DATE
> Task :app:javaPreCompileDebug UP-TO-DATE
> Task :app:mergeDebugShaders UP-TO-DATE
> Task :app:compileDebugShaders NO-SOURCE
> Task :app:generateDebugAssets UP-TO-DATE
> Task :app:mergeDebugAssets UP-TO-DATE
> Task :app:compressDebugAssets UP-TO-DATE
> Task :app:desugarDebugFileDependencies UP-TO-DATE
> Task :app:checkDebugDuplicateClasses UP-TO-DATE
> Task :app:mergeExtDexDebug UP-TO-DATE
> Task :app:mergeLibDexDebug UP-TO-DATE
> Task :app:mergeDebugJniLibFolders UP-TO-DATE
> Task :app:mergeDebugNativeLibs UP-TO-DATE
> Task :app:stripDebugDebugSymbols UP-TO-DATE
> Task :app:validateSigningDebug UP-TO-DATE
> Task :app:writeDebugAppMetadata UP-TO-DATE
> Task :app:writeDebugSigningConfigVersions UP-TO-DATE

> Task :app:compileDebugKotlin FAILED
e: file:///E:/EvoDart/Android/Nothing%20Dialer/app/src/main/java/com/evodart/glyphdial/ui/components/cards/NothingCards.kt:7:36 Unresolved reference 'nothingClickable'.
e: file:///E:/EvoDart/Android/Nothing%20Dialer/app/src/main/java/com/evodart/glyphdial/ui/components/cards/NothingCards.kt:78:25 No parameter with name 'indication' found.
e: file:///E:/EvoDart/Android/Nothing%20Dialer/app/src/main/java/com/evodart/glyphdial/ui/components/dialpad/CallActionBar.kt:5:36 Unresolved reference 'nothingClickable'.
e: file:///E:/EvoDart/Android/Nothing%20Dialer/app/src/main/java/com/evodart/glyphdial/ui/components/dialpad/CallActionBar.kt:163:14 Unresolved reference 'nothingClickable'.
e: file:///E:/EvoDart/Android/Nothing%20Dialer/app/src/main/java/com/evodart/glyphdial/ui/components/dialpad/CallActionBar.kt:222:14 Unresolved reference 'nothingClickable'.
e: file:///E:/EvoDart/Android/Nothing%20Dialer/app/src/main/java/com/evodart/glyphdial/ui/components/dialpad/CallActionBar.kt:282:26 Unresolved reference 'nothingClickable'.
e: file:///E:/EvoDart/Android/Nothing%20Dialer/app/src/main/java/com/evodart/glyphdial/ui/components/dialpad/CallActionBar.kt:304:26 Unresolved reference 'nothingClickable'.
e: file:///E:/EvoDart/Android/Nothing%20Dialer/app/src/main/java/com/evodart/glyphdial/ui/components/navigation/NavigationComponents.kt:9:36 Unresolved reference 'nothingClickable'.
e: file:///E:/EvoDart/Android/Nothing%20Dialer/app/src/main/java/com/evodart/glyphdial/ui/components/navigation/NavigationComponents.kt:180:17 No parameter with name 'indication' found.
e: file:///E:/EvoDart/Android/Nothing%20Dialer/app/src/main/java/com/evodart/glyphdial/ui/components/navigation/NavigationComponents.kt:222:17 No parameter with name 'indication' found.
e: file:///E:/EvoDart/Android/Nothing%20Dialer/app/src/main/java/com/evodart/glyphdial/ui/screens/contacts/ContactDetailScreen.kt:6:36 Unresolved reference 'nothingClickable'.
e: file:///E:/EvoDart/Android/Nothing%20Dialer/app/src/main/java/com/evodart/glyphdial/ui/screens/contacts/ContactDetailScreen.kt:260:29 Unresolved reference 'nothingClickable'.
e: file:///E:/EvoDart/Android/Nothing%20Dialer/app/src/main/java/com/evodart/glyphdial/ui/screens/contacts/ContactsScreen.kt:5:36 Unresolved reference 'nothingClickable'.
e: file:///E:/EvoDart/Android/Nothing%20Dialer/app/src/main/java/com/evodart/glyphdial/ui/screens/contacts/ContactsScreen.kt:213:14 Unresolved reference 'nothingClickable'.
e: file:///E:/EvoDart/Android/Nothing%20Dialer/app/src/main/java/com/evodart/glyphdial/ui/screens/dialpad/DialPadScreen.kt:6:36 Unresolved reference 'nothingClickable'.
e: file:///E:/EvoDart/Android/Nothing%20Dialer/app/src/main/java/com/evodart/glyphdial/ui/screens/dialpad/DialPadScreen.kt:161:26 Unresolved reference 'nothingClickable'.
e: file:///E:/EvoDart/Android/Nothing%20Dialer/app/src/main/java/com/evodart/glyphdial/ui/screens/favorites/FavoritesScreen.kt:4:36 Unresolved reference 'nothingClickable'.
e: file:///E:/EvoDart/Android/Nothing%20Dialer/app/src/main/java/com/evodart/glyphdial/ui/screens/favorites/FavoritesScreen.kt:101:14 Unresolved reference 'nothingClickable'.
e: file:///E:/EvoDart/Android/Nothing%20Dialer/app/src/main/java/com/evodart/glyphdial/ui/screens/favorites/FavoritesScreen.kt:153:18 Unresolved reference 'nothingClickable'.
e: file:///E:/EvoDart/Android/Nothing%20Dialer/app/src/main/java/com/evodart/glyphdial/ui/screens/recents/RecentsScreen.kt:8:36 Unresolved reference 'nothingClickable'.
e: file:///E:/EvoDart/Android/Nothing%20Dialer/app/src/main/java/com/evodart/glyphdial/ui/screens/recents/RecentsScreen.kt:223:18 Unresolved reference 'nothingClickable'.
e: file:///E:/EvoDart/Android/Nothing%20Dialer/app/src/main/java/com/evodart/glyphdial/ui/screens/recents/RecentsScreen.kt:385:14 Unresolved reference 'nothingClickable'.
e: file:///E:/EvoDart/Android/Nothing%20Dialer/app/src/main/java/com/evodart/glyphdial/ui/screens/settings/SettingsScreen.kt:11:36 Unresolved reference 'nothingClickable'.

FAILURE: Build failed with an exception.

* What went wrong:
Execution failed for task ':app:compileDebugKotlin'.
> A failure occurred while executing org.jetbrains.kotlin.compilerRunner.GradleCompilerRunnerWithWorkers$GradleKotlinCompilerWorkAction
   > Compilation error. See log for more details

* Try:
> Run with --stacktrace option to get the stack trace.
> Run with --info or --debug option to get more log output.
> Run with --scan to get full insights.
> Get more help at https://help.gradle.org.

BUILD FAILED in 2s
32 actionable tasks: 1 executed, 31 up-to-date
